<?xml version="1.0" encoding="UTF-8"?>
<!-- Generated by org.testng.reporters.JUnitReportReporter -->
<testsuite hostname="DESKTOP-K8C255O" failures="0" tests="6" name="testNG.Data_Provider" time="0.078" errors="0" timestamp="2022-10-07T20:37:49 GMT-07:00" skipped="0">
  <testcase classname="testNG.Data_Provider" name="aoutomation_Runner" time="0.032"/>
  <system-out/>
  <testcase classname="testNG.Data_Provider" name="aoutomation_Runner" time="0.008"/>
  <system-out/>
  <testcase classname="testNG.Data_Provider" name="adactin_Runner" time="0.016"/>
  <system-out/>
  <testcase classname="testNG.Data_Provider" name="adactin_Runner" time="0.006"/>
  <system-out/>
  <testcase classname="testNG.Data_Provider" name="adactin_Runner" time="0.008"/>
  <system-out/>
  <testcase classname="testNG.Data_Provider" name="aoutomation_Runner" time="0.008"/>
  <system-out/>
</testsuite> <!-- testNG.Data_Provider -->
