<?xml version="1.0" encoding="UTF-8"?>
<!-- Generated by org.testng.reporters.JUnitReportReporter -->
<testsuite hostname="DESKTOP-K8C255O" failures="0" tests="3" name="testNG.Dependency_Test" time="0.038" errors="0" timestamp="2022-08-22T15:57:34 GMT-07:00" skipped="0">
  <testcase classname="testNG.Dependency_Test" name="offer" time="0.007"/>
  <system-out/>
  <testcase classname="testNG.Dependency_Test" name="watch" time="0.024"/>
  <system-out/>
  <testcase classname="testNG.Dependency_Test" name="mobile" time="0.007"/>
  <system-out/>
</testsuite> <!-- testNG.Dependency_Test -->
