<?xml version="1.0" encoding="UTF-8"?>
<!-- Generated by org.testng.reporters.JUnitReportReporter -->
<testsuite hostname="DESKTOP-K8C255O" failures="0" tests="1" name="testNG.Soft_Assert" time="0.030" errors="0" timestamp="2022-06-28T06:12:49 GMT-07:00" skipped="0">
  <testcase classname="testNG.Soft_Assert" name="username" time="0.030"/>
  <system-out/>
</testsuite> <!-- testNG.Soft_Assert -->
