<?xml version="1.0" encoding="UTF-8"?>
<!-- Generated by org.testng.reporters.JUnitReportReporter -->
<testsuite hostname="DESKTOP-K8C255O" failures="0" tests="1" name="testNG.Excepted_Exception" time="0.021" errors="0" timestamp="2022-06-30T14:52:28 GMT-07:00" skipped="0">
  <testcase classname="testNG.Excepted_Exception" name="calculator" time="0.021"/>
  <system-out/>
</testsuite> <!-- testNG.Excepted_Exception -->
