<?xml version="1.0" encoding="UTF-8"?>
<!-- Generated by org.testng.reporters.JUnitReportReporter -->
<testsuite hostname="DESKTOP-K8C255O" failures="0" tests="3" name="testNG.Grouping_Methods" time="0.041" errors="0" timestamp="2022-06-18T20:02:53 GMT-07:00" skipped="0">
  <testcase classname="testNG.Grouping_Methods" name="ROHIT" time="0.011"/>
  <system-out/>
  <testcase classname="testNG.Grouping_Methods" name="FAF" time="0.023"/>
  <system-out/>
  <testcase classname="testNG.Grouping_Methods" name="KOHLI" time="0.007"/>
  <system-out/>
</testsuite> <!-- testNG.Grouping_Methods -->
