<?xml version="1.0" encoding="UTF-8"?>
<!-- Generated by org.testng.reporters.JUnitReportReporter -->
<testsuite hostname="DESKTOP-K8C255O" failures="0" tests="2" name="testNG.Annotations_Runnerclass" time="0.017" errors="0" timestamp="2022-06-18T20:26:32 GMT-07:00" skipped="0">
  <testcase classname="testNG.Annotations_Runnerclass" name="children" time="0.011"/>
  <system-out/>
  <testcase classname="testNG.Annotations_Runnerclass" name="women" time="0.006"/>
  <system-out/>
</testsuite> <!-- testNG.Annotations_Runnerclass -->
