<?xml version="1.0" encoding="UTF-8"?>
<!-- Generated by org.testng.reporters.JUnitReportReporter -->
<testsuite hostname="DESKTOP-K8C255O" failures="0" tests="3" name="testNG.Priority_Concept" time="0.050" errors="0" timestamp="2022-06-18T19:58:55 GMT-07:00" skipped="0">
  <testcase classname="testNG.Priority_Concept" name="sslc" time="0.028"/>
  <system-out/>
  <testcase classname="testNG.Priority_Concept" name="Hsc" time="0.007"/>
  <system-out/>
  <testcase classname="testNG.Priority_Concept" name="username" time="0.015"/>
  <system-out/>
</testsuite> <!-- testNG.Priority_Concept -->
